<?xml version="1.0" encoding="UTF-8"?>
<coverage generated="1672199726513" clover="3.2.0">
  <project timestamp="1672199726513" name="All files">
    <metrics statements="21" coveredstatements="21" conditionals="3" coveredconditionals="3" methods="8" coveredmethods="8" elements="32" coveredelements="32" complexity="0" loc="21" ncloc="21" packages="1" files="1" classes="1"/>
    <file name="index.ts" path="/Users/liangchiaming/Desktop/function-caller/src/function-caller/index.ts">
      <metrics statements="21" coveredstatements="21" conditionals="3" coveredconditionals="3" methods="8" coveredmethods="8"/>
      <line num="3" count="1" type="stmt"/>
      <line num="5" count="1" type="stmt"/>
      <line num="6" count="13" type="stmt"/>
      <line num="8" count="13" type="cond" truecount="2" falsecount="0"/>
      <line num="9" count="1" type="stmt"/>
      <line num="11" count="12" type="stmt"/>
      <line num="12" count="12" type="stmt"/>
      <line num="16" count="1" type="stmt"/>
      <line num="17" count="4" type="stmt"/>
      <line num="20" count="1" type="stmt"/>
      <line num="21" count="8" type="stmt"/>
      <line num="24" count="1" type="stmt"/>
      <line num="25" count="1" type="stmt"/>
      <line num="28" count="1" type="stmt"/>
      <line num="29" count="7" type="stmt"/>
      <line num="31" count="7" type="cond" truecount="1" falsecount="0"/>
      <line num="32" count="7" type="stmt"/>
      <line num="36" count="3" type="stmt"/>
      <line num="37" count="3" type="stmt"/>
      <line num="40" count="1" type="stmt"/>
      <line num="41" count="2" type="stmt"/>
    </file>
  </project>
</coverage>
