{"C:\\Users\\ChiaMing\\Desktop\\function_caller\\function-caller\\src\\index.ts": {"path":"C:\\Users\\ChiaMing\\Desktop\\function_caller\\function-caller\\src\\index.ts","statementMap":{"0":{"start":{"line":4,"column":12},"end":{"line":4,"column":59}},"1":{"start":{"line":6,"column":4},"end":{"line":15,"column":null}},"2":{"start":{"line":7,"column":35},"end":{"line":7,"column":51}},"3":{"start":{"line":9,"column":8},"end":{"line":14,"column":null}},"4":{"start":{"line":10,"column":12},"end":{"line":10,"column":71}},"5":{"start":{"line":12,"column":12},"end":{"line":12,"column":44}},"6":{"start":{"line":13,"column":12},"end":{"line":13,"column":24}},"7":{"start":{"line":17,"column":4},"end":{"line":23,"column":null}},"8":{"start":{"line":18,"column":27},"end":{"line":18,"column":52}},"9":{"start":{"line":20,"column":8},"end":{"line":22,"column":null}},"10":{"start":{"line":21,"column":12},"end":{"line":21,"column":39}},"11":{"start":{"line":25,"column":4},"end":{"line":27,"column":null}},"12":{"start":{"line":25,"column":68},"end":{"line":27,"column":null}},"13":{"start":{"line":26,"column":8},"end":{"line":26,"column":39}},"14":{"start":{"line":29,"column":4},"end":{"line":31,"column":null}},"15":{"start":{"line":30,"column":8},"end":{"line":30,"column":37}},"16":{"start":{"line":33,"column":4},"end":{"line":35,"column":null}},"17":{"start":{"line":34,"column":8},"end":{"line":34,"column":null}},"18":{"start":{"line":37,"column":4},"end":{"line":39,"column":null}},"19":{"start":{"line":38,"column":8},"end":{"line":38,"column":41}},"20":{"start":{"line":41,"column":4},"end":{"line":43,"column":null}},"21":{"start":{"line":42,"column":8},"end":{"line":42,"column":39}},"22":{"start":{"line":45,"column":4},"end":{"line":47,"column":null}},"23":{"start":{"line":46,"column":8},"end":{"line":46,"column":null}},"24":{"start":{"line":49,"column":4},"end":{"line":51,"column":null}},"25":{"start":{"line":50,"column":8},"end":{"line":50,"column":null}},"26":{"start":{"line":53,"column":4},"end":{"line":55,"column":null}},"27":{"start":{"line":54,"column":8},"end":{"line":54,"column":null}},"28":{"start":{"line":58,"column":23},"end":{"line":58,"column":44}},"29":{"start":{"line":59,"column":0},"end":{"line":59,"column":null}},"30":{"start":{"line":60,"column":13},"end":{"line":60,"column":38}},"31":{"start":{"line":61,"column":13},"end":{"line":61,"column":40}},"32":{"start":{"line":62,"column":13},"end":{"line":62,"column":50}},"33":{"start":{"line":63,"column":13},"end":{"line":63,"column":44}},"34":{"start":{"line":64,"column":13},"end":{"line":64,"column":42}},"35":{"start":{"line":65,"column":13},"end":{"line":65,"column":44}},"36":{"start":{"line":66,"column":13},"end":{"line":66,"column":46}},"37":{"start":{"line":67,"column":13},"end":{"line":67,"column":52}},"38":{"start":{"line":68,"column":13},"end":{"line":68,"column":54}},"39":{"start":{"line":69,"column":13},"end":{"line":69,"column":46}}},"fnMap":{"0":{"name":"(anonymous_7)","decl":{"start":{"line":3,"column":0},"end":{"line":3,"column":6}},"loc":{"start":{"line":3,"column":0},"end":{"line":56,"column":1}}},"1":{"name":"(anonymous_8)","decl":{"start":{"line":6,"column":10},"end":{"line":6,"column":11}},"loc":{"start":{"line":6,"column":51},"end":{"line":15,"column":5}}},"2":{"name":"(anonymous_9)","decl":{"start":{"line":17,"column":11},"end":{"line":17,"column":12}},"loc":{"start":{"line":17,"column":48},"end":{"line":23,"column":5}}},"3":{"name":"(anonymous_10)","decl":{"start":{"line":25,"column":16},"end":{"line":25,"column":23}},"loc":{"start":{"line":25,"column":68},"end":{"line":27,"column":null}}},"4":{"name":"(anonymous_11)","decl":{"start":{"line":25,"column":68},"end":{"line":25,"column":null}},"loc":{"start":{"line":25,"column":68},"end":{"line":27,"column":5}}},"5":{"name":"(anonymous_12)","decl":{"start":{"line":29,"column":13},"end":{"line":29,"column":14}},"loc":{"start":{"line":29,"column":35},"end":{"line":31,"column":5}}},"6":{"name":"(anonymous_13)","decl":{"start":{"line":33,"column":12},"end":{"line":33,"column":21}},"loc":{"start":{"line":33,"column":23},"end":{"line":35,"column":5}}},"7":{"name":"(anonymous_14)","decl":{"start":{"line":37,"column":13},"end":{"line":37,"column":14}},"loc":{"start":{"line":37,"column":29},"end":{"line":39,"column":5}}},"8":{"name":"(anonymous_15)","decl":{"start":{"line":41,"column":14},"end":{"line":41,"column":43}},"loc":{"start":{"line":41,"column":45},"end":{"line":43,"column":5}}},"9":{"name":"(anonymous_16)","decl":{"start":{"line":45,"column":17},"end":{"line":45,"column":58}},"loc":{"start":{"line":45,"column":60},"end":{"line":47,"column":5}}},"10":{"name":"(anonymous_17)","decl":{"start":{"line":49,"column":18},"end":{"line":49,"column":19}},"loc":{"start":{"line":49,"column":56},"end":{"line":51,"column":5}}},"11":{"name":"(anonymous_18)","decl":{"start":{"line":53,"column":14},"end":{"line":53,"column":25}},"loc":{"start":{"line":53,"column":27},"end":{"line":55,"column":5}}}},"branchMap":{"0":{"loc":{"start":{"line":9,"column":8},"end":{"line":14,"column":null}},"type":"if","locations":[{"start":{"line":9,"column":8},"end":{"line":14,"column":null}},{"start":{"line":11,"column":15},"end":{"line":14,"column":null}}]},"1":{"loc":{"start":{"line":20,"column":8},"end":{"line":22,"column":null}},"type":"if","locations":[{"start":{"line":20,"column":8},"end":{"line":22,"column":null}}]}},"s":{"0":1,"1":1,"2":21,"3":21,"4":1,"5":20,"6":20,"7":1,"8":7,"9":7,"10":7,"11":1,"12":3,"13":3,"14":1,"15":1,"16":1,"17":11,"18":1,"19":24,"20":1,"21":5,"22":1,"23":2,"24":1,"25":1,"26":1,"27":4,"28":1,"29":1,"30":1,"31":1,"32":1,"33":1,"34":1,"35":1,"36":1,"37":1,"38":1,"39":1},"f":{"0":1,"1":21,"2":7,"3":3,"4":3,"5":1,"6":11,"7":24,"8":5,"9":2,"10":1,"11":4},"b":{"0":[1,20],"1":[7]}}
}
