{"C:\\Users\\ChiaMing\\Desktop\\function_caller\\function-caller\\src\\function-caller\\index.ts": {"path":"C:\\Users\\ChiaMing\\Desktop\\function_caller\\function-caller\\src\\function-caller\\index.ts","statementMap":{"0":{"start":{"line":3,"column":43},"end":{"line":3,"column":52}},"1":{"start":{"line":5,"column":19},"end":{"line":14,"column":1}},"2":{"start":{"line":6,"column":44},"end":{"line":6,"column":64}},"3":{"start":{"line":8,"column":4},"end":{"line":13,"column":null}},"4":{"start":{"line":9,"column":8},"end":{"line":9,"column":67}},"5":{"start":{"line":11,"column":8},"end":{"line":11,"column":35}},"6":{"start":{"line":12,"column":8},"end":{"line":12,"column":20}},"7":{"start":{"line":5,"column":13},"end":{"line":5,"column":19}},"8":{"start":{"line":16,"column":23},"end":{"line":18,"column":1}},"9":{"start":{"line":17,"column":4},"end":{"line":17,"column":null}},"10":{"start":{"line":16,"column":13},"end":{"line":16,"column":23}},"11":{"start":{"line":20,"column":21},"end":{"line":22,"column":1}},"12":{"start":{"line":21,"column":4},"end":{"line":21,"column":null}},"13":{"start":{"line":20,"column":13},"end":{"line":20,"column":21}},"14":{"start":{"line":24,"column":27},"end":{"line":26,"column":1}},"15":{"start":{"line":25,"column":4},"end":{"line":25,"column":null}},"16":{"start":{"line":24,"column":13},"end":{"line":24,"column":27}}},"fnMap":{"0":{"name":"(anonymous_0)","decl":{"start":{"line":5,"column":19},"end":{"line":5,"column":20}},"loc":{"start":{"line":5,"column":60},"end":{"line":14,"column":1}}},"1":{"name":"(anonymous_1)","decl":{"start":{"line":16,"column":23},"end":{"line":16,"column":34}},"loc":{"start":{"line":16,"column":36},"end":{"line":18,"column":1}}},"2":{"name":"(anonymous_2)","decl":{"start":{"line":20,"column":21},"end":{"line":20,"column":30}},"loc":{"start":{"line":20,"column":32},"end":{"line":22,"column":1}}},"3":{"name":"(anonymous_3)","decl":{"start":{"line":24,"column":27},"end":{"line":24,"column":28}},"loc":{"start":{"line":24,"column":65},"end":{"line":26,"column":1}}}},"branchMap":{"0":{"loc":{"start":{"line":8,"column":4},"end":{"line":13,"column":null}},"type":"if","locations":[{"start":{"line":8,"column":4},"end":{"line":13,"column":null}},{"start":{"line":10,"column":11},"end":{"line":13,"column":null}}]}},"s":{"0":1,"1":1,"2":6,"3":6,"4":1,"5":5,"6":5,"7":1,"8":1,"9":4,"10":1,"11":1,"12":3,"13":1,"14":1,"15":1,"16":1},"f":{"0":6,"1":4,"2":3,"3":1},"b":{"0":[1,5]}}
}
