TN:
SF:src/function-caller/index.ts
FN:5,(anonymous_7)
FN:16,(anonymous_8)
FN:20,(anonymous_9)
FN:24,(anonymous_10)
FN:28,(anonymous_11)
FN:36,(anonymous_12)
FN:36,(anonymous_13)
FN:40,(anonymous_14)
FNF:8
FNH:8
FNDA:13,(anonymous_7)
FNDA:4,(anonymous_8)
FNDA:8,(anonymous_9)
FNDA:1,(anonymous_10)
FNDA:7,(anonymous_11)
FNDA:3,(anonymous_12)
FNDA:3,(anonymous_13)
FNDA:2,(anonymous_14)
DA:3,1
DA:5,1
DA:6,13
DA:8,13
DA:9,1
DA:11,12
DA:12,12
DA:16,1
DA:17,4
DA:20,1
DA:21,8
DA:24,1
DA:25,1
DA:28,1
DA:29,7
DA:31,7
DA:32,7
DA:36,3
DA:37,3
DA:40,1
DA:41,2
LF:21
LH:21
BRDA:8,0,0,1
BRDA:8,0,1,12
BRDA:31,1,0,7
BRF:3
BRH:3
end_of_record
