TN:
SF:src\index.ts
FN:3,(anonymous_7)
FN:6,(anonymous_8)
FN:17,(anonymous_9)
FN:25,(anonymous_10)
FN:25,(anonymous_11)
FN:29,(anonymous_12)
FN:33,(anonymous_13)
FN:37,(anonymous_14)
FN:41,(anonymous_15)
FN:45,(anonymous_16)
FN:49,(anonymous_17)
FN:53,(anonymous_18)
FNF:12
FNH:12
FNDA:1,(anonymous_7)
FNDA:21,(anonymous_8)
FNDA:7,(anonymous_9)
FNDA:3,(anonymous_10)
FNDA:3,(anonymous_11)
FNDA:1,(anonymous_12)
FNDA:11,(anonymous_13)
FNDA:24,(anonymous_14)
FNDA:5,(anonymous_15)
FNDA:2,(anonymous_16)
FNDA:1,(anonymous_17)
FNDA:4,(anonymous_18)
DA:4,1
DA:6,1
DA:7,21
DA:9,21
DA:10,1
DA:12,20
DA:13,20
DA:17,1
DA:18,7
DA:20,7
DA:21,7
DA:25,3
DA:26,3
DA:29,1
DA:30,1
DA:33,1
DA:34,11
DA:37,1
DA:38,24
DA:41,1
DA:42,5
DA:45,1
DA:46,2
DA:49,1
DA:50,1
DA:53,1
DA:54,4
DA:58,1
DA:59,1
DA:60,1
DA:61,1
DA:62,1
DA:63,1
DA:64,1
DA:65,1
DA:66,1
DA:67,1
DA:68,1
DA:69,1
LF:39
LH:39
BRDA:9,0,0,1
BRDA:9,0,1,20
BRDA:20,1,0,7
BRF:3
BRH:3
end_of_record
